<?xml version="1.0" encoding="UTF-8"?>
<!-- Generated by org.testng.reporters.JUnitXMLReporter -->
<testsuite ignored="0" hostname="DESKTOP-FA3VUR6" failures="0" tests="4" name="Default test" time="50.614" errors="0" timestamp="٢٠٢٦-٠٦-٠٥T٠٢:٢٢:٢٤ IDT">
  <testcase classname="test.CartTests" name="testQuickAddToCartViaHover_TC007" time="10.01"/>
  <testcase classname="test.CartTests" name="testQuickBuyNowButton_TC008" time="0.277"/>
  <testcase classname="test.CartTests" name="testRemoveProductFromQuickCart_TC009" time="6.243"/>
  <testcase classname="test.CartTests" name="testEditQuantityFromQuickCart_TC010" time="6.857"/>
</testsuite> <!-- Default test -->
