<?xml version="1.0" encoding="UTF-8"?>
<!-- Generated by org.testng.reporters.JUnitReportReporter -->
<testsuite hostname="DESKTOP-FA3VUR6" failures="0" tests="6" name="test.SearchTests" time="٧١.١١٥" errors="0" timestamp="٢٠٢٦-٠٦-٠٥T٠٢:٢٤:٣٧ IDT" skipped="0">
  <testcase classname="test.SearchTests" name="testValidProductSearch_TC001" time="٨.٢٩٧"/>
  <testcase classname="test.SearchTests" name="testNonExistentProductSearch_TC002" time="١٠.٩٨٣"/>
  <testcase classname="test.SearchTests" name="testPartialKeywordSearch_TC003" time="٦.٥٤٨"/>
  <testcase classname="test.SearchTests" name="testEmptySearch_TC004" time="٢٤.٤٩٣"/>
  <testcase classname="test.SearchTests" name="testLongCharacterSearch_TC005" time="٩.٨٠٦"/>
  <testcase classname="test.SearchTests" name="testNumbersAndSymbolsSearch_TC006" time="١٠.٩٨٨"/>
</testsuite> <!-- test.SearchTests -->
