<?xml version="1.0" encoding="UTF-8"?>
<!-- Generated by org.testng.reporters.JUnitReportReporter -->
<testsuite hostname="DESKTOP-FA3VUR6" failures="0" tests="4" name="test.CartTests" time="٣٤.٥٣٢" errors="0" timestamp="٢٠٢٦-٠٦-٠٥T٠٢:٢٤:٣٧ IDT" skipped="0">
  <testcase classname="test.CartTests" name="testQuickAddToCartViaHover_TC007" time="٦.٣٥٣"/>
  <testcase classname="test.CartTests" name="testQuickBuyNowButton_TC008" time="٥.١٦٣"/>
  <testcase classname="test.CartTests" name="testRemoveProductFromQuickCart_TC009" time="١٢.٤٩٦"/>
  <testcase classname="test.CartTests" name="testEditQuantityFromQuickCart_TC010" time="١٠.٥٢٠"/>
</testsuite> <!-- test.CartTests -->
