<?xml version="1.0" encoding="UTF-8"?>
<!-- Generated by org.testng.reporters.JUnitXMLReporter -->
<testsuite ignored="0" hostname="DESKTOP-FA3VUR6" failures="0" tests="4" name="Cart Tests" time="34.556" errors="0" timestamp="٢٠٢٦-٠٦-٠٥T٠٢:٢٤:٣٧ IDT">
  <testcase classname="test.CartTests" name="testQuickAddToCartViaHover_TC007" time="3.737"/>
  <testcase classname="test.CartTests" name="testQuickBuyNowButton_TC008" time="0.286"/>
  <testcase classname="test.CartTests" name="testRemoveProductFromQuickCart_TC009" time="8.459"/>
  <testcase classname="test.CartTests" name="testEditQuantityFromQuickCart_TC010" time="7.911"/>
</testsuite> <!-- Cart Tests -->
