<?xml version="1.0" encoding="UTF-8"?>
<!-- Generated by org.testng.reporters.JUnitXMLReporter -->
<testsuite ignored="0" hostname="DESKTOP-FA3VUR6" failures="0" tests="6" name="Search Functional Tests" time="71.244" errors="0" timestamp="٢٠٢٦-٠٦-٠٥T٠٢:٢٤:٠٢ IDT">
  <testcase classname="test.SearchTests" name="testValidProductSearch_TC001" time="2.73"/>
  <testcase classname="test.SearchTests" name="testNonExistentProductSearch_TC002" time="5.954"/>
  <testcase classname="test.SearchTests" name="testPartialKeywordSearch_TC003" time="1.752"/>
  <testcase classname="test.SearchTests" name="testEmptySearch_TC004" time="20.335"/>
  <testcase classname="test.SearchTests" name="testLongCharacterSearch_TC005" time="6.228"/>
  <testcase classname="test.SearchTests" name="testNumbersAndSymbolsSearch_TC006" time="5.442"/>
</testsuite> <!-- Search Functional Tests -->
